{"/home/ubuntu/Sales-Manage-APP/backend/src/app.controller.ts": {"path":"/home/ubuntu/Sales-Manage-APP/backend/src/app.controller.ts","statementMap":{"0":{"start":{"line":1,"column":0},"end":{"line":1,"column":49}},"1":{"start":{"line":2,"column":0},"end":{"line":2,"column":43}},"2":{"start":{"line":5,"column":7},"end":{"line":12,"column":null}},"3":{"start":{"line":6,"column":31},"end":{"line":6,"column":43}},"4":{"start":{"line":10,"column":4},"end":{"line":10,"column":38}},"5":{"start":{"line":5,"column":13},"end":{"line":5,"column":26}},"6":{"start":{"line":9,"column":2},"end":{"line":11,"column":null}},"7":{"start":{"line":5,"column":13},"end":{"line":12,"column":null}}},"fnMap":{"0":{"name":"(anonymous_2)","decl":{"start":{"line":6,"column":2},"end":{"line":6,"column":31}},"loc":{"start":{"line":6,"column":53},"end":{"line":6,"column":57}}},"1":{"name":"(anonymous_3)","decl":{"start":{"line":9,"column":2},"end":{"line":9,"column":10}},"loc":{"start":{"line":9,"column":10},"end":{"line":11,"column":3}}}},"branchMap":{"0":{"loc":{"start":{"line":6,"column":43},"end":{"line":6,"column":56}},"type":"cond-expr","locations":[{"start":{"line":6,"column":53},"end":{"line":6,"column":56}},{"start":{"line":6,"column":53},"end":{"line":6,"column":56}}]},"1":{"loc":{"start":{"line":6,"column":43},"end":{"line":6,"column":53}},"type":"binary-expr","locations":[{"start":{"line":6,"column":43},"end":{"line":6,"column":56}},{"start":{"line":6,"column":43},"end":{"line":6,"column":53}}]}},"s":{"0":1,"1":1,"2":1,"3":1,"4":1,"5":1,"6":1,"7":1},"f":{"0":1,"1":1},"b":{"0":[1,0],"1":[1,1]}}
,"/home/ubuntu/Sales-Manage-APP/backend/src/app.module.ts": {"path":"/home/ubuntu/Sales-Manage-APP/backend/src/app.module.ts","statementMap":{"0":{"start":{"line":1,"column":0},"end":{"line":1,"column":40}},"1":{"start":{"line":2,"column":0},"end":{"line":2,"column":48}},"2":{"start":{"line":3,"column":0},"end":{"line":3,"column":61}},"3":{"start":{"line":4,"column":0},"end":{"line":4,"column":49}},"4":{"start":{"line":5,"column":0},"end":{"line":5,"column":43}},"5":{"start":{"line":6,"column":0},"end":{"line":6,"column":50}},"6":{"start":{"line":35,"column":7},"end":{"line":35,"column":null}},"7":{"start":{"line":35,"column":13},"end":{"line":35,"column":22}},"8":{"start":{"line":35,"column":13},"end":{"line":35,"column":null}},"9":{"start":{"line":16,"column":53},"end":{"line":27,"column":8}}},"fnMap":{"0":{"name":"(anonymous_1)","decl":{"start":{"line":16,"column":18},"end":{"line":16,"column":19}},"loc":{"start":{"line":16,"column":53},"end":{"line":27,"column":8}}}},"branchMap":{},"s":{"0":0,"1":0,"2":0,"3":0,"4":0,"5":0,"6":0,"7":0,"8":0,"9":0},"f":{"0":0},"b":{}}
,"/home/ubuntu/Sales-Manage-APP/backend/src/app.service.ts": {"path":"/home/ubuntu/Sales-Manage-APP/backend/src/app.service.ts","statementMap":{"0":{"start":{"line":1,"column":0},"end":{"line":1,"column":44}},"1":{"start":{"line":4,"column":7},"end":{"line":8,"column":null}},"2":{"start":{"line":6,"column":4},"end":{"line":6,"column":26}},"3":{"start":{"line":4,"column":13},"end":{"line":4,"column":23}},"4":{"start":{"line":4,"column":13},"end":{"line":8,"column":null}}},"fnMap":{"0":{"name":"(anonymous_1)","decl":{"start":{"line":5,"column":2},"end":{"line":5,"column":10}},"loc":{"start":{"line":5,"column":10},"end":{"line":7,"column":3}}}},"branchMap":{},"s":{"0":1,"1":1,"2":1,"3":1,"4":1},"f":{"0":1},"b":{}}
,"/home/ubuntu/Sales-Manage-APP/backend/src/main.ts": {"path":"/home/ubuntu/Sales-Manage-APP/backend/src/main.ts","statementMap":{"0":{"start":{"line":1,"column":0},"end":{"line":1,"column":43}},"1":{"start":{"line":2,"column":0},"end":{"line":2,"column":48}},"2":{"start":{"line":3,"column":0},"end":{"line":3,"column":65}},"3":{"start":{"line":4,"column":0},"end":{"line":4,"column":41}},"4":{"start":{"line":7,"column":14},"end":{"line":7,"column":49}},"5":{"start":{"line":10,"column":2},"end":{"line":16,"column":4}},"6":{"start":{"line":19,"column":17},"end":{"line":24,"column":12}},"7":{"start":{"line":26,"column":19},"end":{"line":26,"column":60}},"8":{"start":{"line":27,"column":2},"end":{"line":27,"column":49}},"9":{"start":{"line":29,"column":2},"end":{"line":29,"column":45}},"10":{"start":{"line":30,"column":2},"end":{"line":30,"column":89}},"11":{"start":{"line":31,"column":2},"end":{"line":31,"column":98}},"12":{"start":{"line":33,"column":0},"end":{"line":33,"column":12}}},"fnMap":{"0":{"name":"bootstrap","decl":{"start":{"line":6,"column":15},"end":{"line":6,"column":24}},"loc":{"start":{"line":6,"column":24},"end":{"line":32,"column":1}}}},"branchMap":{"0":{"loc":{"start":{"line":29,"column":19},"end":{"line":29,"column":43}},"type":"binary-expr","locations":[{"start":{"line":29,"column":19},"end":{"line":29,"column":35}},{"start":{"line":29,"column":39},"end":{"line":29,"column":43}}]},"1":{"loc":{"start":{"line":30,"column":61},"end":{"line":30,"column":85}},"type":"binary-expr","locations":[{"start":{"line":30,"column":61},"end":{"line":30,"column":77}},{"start":{"line":30,"column":81},"end":{"line":30,"column":85}}]},"2":{"loc":{"start":{"line":31,"column":61},"end":{"line":31,"column":85}},"type":"binary-expr","locations":[{"start":{"line":31,"column":61},"end":{"line":31,"column":77}},{"start":{"line":31,"column":81},"end":{"line":31,"column":85}}]}},"s":{"0":0,"1":0,"2":0,"3":0,"4":0,"5":0,"6":0,"7":0,"8":0,"9":0,"10":0,"11":0,"12":0},"f":{"0":0},"b":{"0":[0,0],"1":[0,0],"2":[0,0]}}
,"/home/ubuntu/Sales-Manage-APP/backend/src/common/decorators/idempotency.decorator.ts": {"path":"/home/ubuntu/Sales-Manage-APP/backend/src/common/decorators/idempotency.decorator.ts","statementMap":{"0":{"start":{"line":1,"column":0},"end":{"line":1,"column":45}},"1":{"start":{"line":3,"column":13},"end":{"line":3,"column":45}},"2":{"start":{"line":5,"column":26},"end":{"line":5,"column":66}},"3":{"start":{"line":5,"column":32},"end":{"line":5,"column":66}},"4":{"start":{"line":5,"column":13},"end":{"line":5,"column":26}}},"fnMap":{"0":{"name":"(anonymous_0)","decl":{"start":{"line":5,"column":26},"end":{"line":5,"column":29}},"loc":{"start":{"line":5,"column":32},"end":{"line":5,"column":66}}}},"branchMap":{},"s":{"0":1,"1":1,"2":1,"3":2,"4":1},"f":{"0":2},"b":{}}
,"/home/ubuntu/Sales-Manage-APP/backend/src/common/interceptors/idempotency.interceptor.ts": {"path":"/home/ubuntu/Sales-Manage-APP/backend/src/common/interceptors/idempotency.interceptor.ts","statementMap":{"0":{"start":{"line":1,"column":0},"end":{"line":1,"column":null}},"1":{"start":{"line":8,"column":0},"end":{"line":8,"column":41}},"2":{"start":{"line":9,"column":0},"end":{"line":9,"column":38}},"3":{"start":{"line":10,"column":0},"end":{"line":10,"column":37}},"4":{"start":{"line":11,"column":0},"end":{"line":11,"column":51}},"5":{"start":{"line":12,"column":0},"end":{"line":12,"column":37}},"6":{"start":{"line":13,"column":0},"end":{"line":13,"column":70}},"7":{"start":{"line":14,"column":0},"end":{"line":14,"column":70}},"8":{"start":{"line":17,"column":7},"end":{"line":69,"column":null}},"9":{"start":{"line":19,"column":12},"end":{"line":19,"column":23}},"10":{"start":{"line":21,"column":12},"end":{"line":21,"column":32}},"11":{"start":{"line":25,"column":25},"end":{"line":27,"column":null}},"12":{"start":{"line":30,"column":4},"end":{"line":32,"column":5}},"13":{"start":{"line":31,"column":6},"end":{"line":31,"column":27}},"14":{"start":{"line":34,"column":20},"end":{"line":34,"column":55}},"15":{"start":{"line":35,"column":27},"end":{"line":35,"column":61}},"16":{"start":{"line":37,"column":4},"end":{"line":39,"column":5}},"17":{"start":{"line":38,"column":6},"end":{"line":38,"column":70}},"18":{"start":{"line":42,"column":24},"end":{"line":44,"column":6}},"19":{"start":{"line":46,"column":4},"end":{"line":49,"column":5}},"20":{"start":{"line":48,"column":6},"end":{"line":48,"column":42}},"21":{"start":{"line":52,"column":4},"end":{"line":67,"column":6}},"22":{"start":{"line":55,"column":8},"end":{"line":65,"column":11}},"23":{"start":{"line":17,"column":13},"end":{"line":17,"column":35}},"24":{"start":{"line":17,"column":13},"end":{"line":69,"column":null}}},"fnMap":{"0":{"name":"(anonymous_4)","decl":{"start":{"line":18,"column":2},"end":{"line":18,"column":null}},"loc":{"start":{"line":21,"column":52},"end":{"line":22,"column":6}}},"1":{"name":"(anonymous_5)","decl":{"start":{"line":24,"column":2},"end":{"line":24,"column":7}},"loc":{"start":{"line":24,"column":62},"end":{"line":68,"column":3}}},"2":{"name":"(anonymous_6)","decl":{"start":{"line":53,"column":10},"end":{"line":53,"column":15}},"loc":{"start":{"line":53,"column":29},"end":{"line":66,"column":7}}}},"branchMap":{"0":{"loc":{"start":{"line":30,"column":4},"end":{"line":32,"column":5}},"type":"if","locations":[{"start":{"line":30,"column":4},"end":{"line":32,"column":5}},{"start":{},"end":{}}]},"1":{"loc":{"start":{"line":37,"column":4},"end":{"line":39,"column":5}},"type":"if","locations":[{"start":{"line":37,"column":4},"end":{"line":39,"column":5}},{"start":{},"end":{}}]},"2":{"loc":{"start":{"line":46,"column":4},"end":{"line":49,"column":5}},"type":"if","locations":[{"start":{"line":46,"column":4},"end":{"line":49,"column":5}},{"start":{},"end":{}}]},"3":{"loc":{"start":{"line":46,"column":8},"end":{"line":46,"column":47}},"type":"binary-expr","locations":[{"start":{"line":46,"column":8},"end":{"line":46,"column":19}},{"start":{"line":46,"column":23},"end":{"line":46,"column":47}}]},"4":{"loc":{"start":{"line":56,"column":18},"end":{"line":56,"column":42}},"type":"binary-expr","locations":[{"start":{"line":56,"column":18},"end":{"line":56,"column":34}},{"start":{"line":56,"column":38},"end":{"line":56,"column":42}}]},"5":{"loc":{"start":{"line":58,"column":24},"end":{"line":58,"column":62}},"type":"binary-expr","locations":[{"start":{"line":58,"column":24},"end":{"line":58,"column":49}},{"start":{"line":58,"column":53},"end":{"line":58,"column":62}}]},"6":{"loc":{"start":{"line":59,"column":22},"end":{"line":59,"column":68}},"type":"binary-expr","locations":[{"start":{"line":59,"column":22},"end":{"line":59,"column":33}},{"start":{"line":59,"column":37},"end":{"line":59,"column":55}},{"start":{"line":59,"column":59},"end":{"line":59,"column":68}}]},"7":{"loc":{"start":{"line":19,"column":23},"end":{"line":19,"column":null}},"type":"cond-expr","locations":[{"start":{"line":19,"column":32},"end":{"line":19,"column":null}},{"start":{"line":19,"column":32},"end":{"line":19,"column":null}}]},"8":{"loc":{"start":{"line":19,"column":23},"end":{"line":19,"column":32}},"type":"binary-expr","locations":[{"start":{"line":19,"column":23},"end":{"line":19,"column":null}},{"start":{"line":19,"column":23},"end":{"line":19,"column":32}}]},"9":{"loc":{"start":{"line":19,"column":32},"end":{"line":21,"column":52}},"type":"cond-expr","locations":[{"start":{"line":21,"column":42},"end":{"line":21,"column":52}},{"start":{"line":21,"column":42},"end":{"line":21,"column":52}}]},"10":{"loc":{"start":{"line":19,"column":32},"end":{"line":21,"column":42}},"type":"binary-expr","locations":[{"start":{"line":19,"column":32},"end":{"line":21,"column":52}},{"start":{"line":21,"column":32},"end":{"line":21,"column":42}}]}},"s":{"0":1,"1":1,"2":1,"3":1,"4":1,"5":1,"6":1,"7":1,"8":1,"9":3,"10":3,"11":0,"12":0,"13":0,"14":0,"15":0,"16":0,"17":0,"18":0,"19":0,"20":0,"21":0,"22":0,"23":1,"24":1},"f":{"0":3,"1":0,"2":0},"b":{"0":[0,0],"1":[0,0],"2":[0,0],"3":[0,0],"4":[0,0],"5":[0,0],"6":[0,0,0],"7":[1,0],"8":[1,1],"9":[1,0],"10":[1,1]}}
,"/home/ubuntu/Sales-Manage-APP/backend/src/database/migrations/1704960000000-CreateARTables.ts": {"path":"/home/ubuntu/Sales-Manage-APP/backend/src/database/migrations/1704960000000-CreateARTables.ts","statementMap":{"0":{"start":{"line":1,"column":0},"end":{"line":1,"column":77}},"1":{"start":{"line":6,"column":4},"end":{"line":95,"column":6}},"2":{"start":{"line":98,"column":4},"end":{"line":104,"column":6}},"3":{"start":{"line":106,"column":4},"end":{"line":112,"column":6}},"4":{"start":{"line":114,"column":4},"end":{"line":120,"column":6}},"5":{"start":{"line":123,"column":4},"end":{"line":226,"column":6}},"6":{"start":{"line":229,"column":4},"end":{"line":235,"column":6}},"7":{"start":{"line":237,"column":4},"end":{"line":243,"column":6}},"8":{"start":{"line":246,"column":4},"end":{"line":310,"column":6}},"9":{"start":{"line":313,"column":4},"end":{"line":319,"column":6}},"10":{"start":{"line":321,"column":4},"end":{"line":327,"column":6}},"11":{"start":{"line":329,"column":4},"end":{"line":336,"column":6}},"12":{"start":{"line":339,"column":4},"end":{"line":421,"column":6}},"13":{"start":{"line":424,"column":4},"end":{"line":430,"column":6}},"14":{"start":{"line":432,"column":4},"end":{"line":438,"column":6}},"15":{"start":{"line":440,"column":4},"end":{"line":448,"column":6}},"16":{"start":{"line":453,"column":4},"end":{"line":453,"column":52}},"17":{"start":{"line":454,"column":4},"end":{"line":454,"column":50}},"18":{"start":{"line":455,"column":4},"end":{"line":455,"column":53}},"19":{"start":{"line":456,"column":4},"end":{"line":456,"column":53}},"20":{"start":{"line":3,"column":0},"end":{"line":3,"column":13}}},"fnMap":{"0":{"name":"(anonymous_0)","decl":{"start":{"line":4,"column":9},"end":{"line":4,"column":14}},"loc":{"start":{"line":4,"column":42},"end":{"line":449,"column":3}}},"1":{"name":"(anonymous_1)","decl":{"start":{"line":451,"column":9},"end":{"line":451,"column":14}},"loc":{"start":{"line":451,"column":44},"end":{"line":457,"column":3}}}},"branchMap":{},"s":{"0":0,"1":0,"2":0,"3":0,"4":0,"5":0,"6":0,"7":0,"8":0,"9":0,"10":0,"11":0,"12":0,"13":0,"14":0,"15":0,"16":0,"17":0,"18":0,"19":0,"20":0},"f":{"0":0,"1":0},"b":{}}
,"/home/ubuntu/Sales-Manage-APP/backend/src/modules/ar/ar.module.ts": {"path":"/home/ubuntu/Sales-Manage-APP/backend/src/modules/ar/ar.module.ts","statementMap":{"0":{"start":{"line":1,"column":0},"end":{"line":1,"column":40}},"1":{"start":{"line":2,"column":0},"end":{"line":2,"column":48}},"2":{"start":{"line":3,"column":0},"end":{"line":3,"column":59}},"3":{"start":{"line":4,"column":0},"end":{"line":4,"column":50}},"4":{"start":{"line":5,"column":0},"end":{"line":5,"column":57}},"5":{"start":{"line":6,"column":0},"end":{"line":6,"column":57}},"6":{"start":{"line":7,"column":0},"end":{"line":7,"column":53}},"7":{"start":{"line":8,"column":0},"end":{"line":8,"column":55}},"8":{"start":{"line":18,"column":7},"end":{"line":18,"column":null}},"9":{"start":{"line":18,"column":13},"end":{"line":18,"column":21}},"10":{"start":{"line":18,"column":13},"end":{"line":18,"column":null}}},"fnMap":{},"branchMap":{},"s":{"0":0,"1":0,"2":0,"3":0,"4":0,"5":0,"6":0,"7":0,"8":0,"9":0,"10":0},"f":{},"b":{}}
,"/home/ubuntu/Sales-Manage-APP/backend/src/modules/ar/controllers/ar.controller.ts": {"path":"/home/ubuntu/Sales-Manage-APP/backend/src/modules/ar/controllers/ar.controller.ts","statementMap":{"0":{"start":{"line":1,"column":0},"end":{"line":1,"column":null}},"1":{"start":{"line":10,"column":0},"end":{"line":10,"column":80}},"2":{"start":{"line":11,"column":0},"end":{"line":11,"column":51}},"3":{"start":{"line":12,"column":0},"end":{"line":12,"column":61}},"4":{"start":{"line":13,"column":0},"end":{"line":13,"column":59}},"5":{"start":{"line":14,"column":0},"end":{"line":14,"column":55}},"6":{"start":{"line":15,"column":0},"end":{"line":15,"column":78}},"7":{"start":{"line":16,"column":0},"end":{"line":16,"column":94}},"8":{"start":{"line":17,"column":0},"end":{"line":17,"column":34}},"9":{"start":{"line":22,"column":7},"end":{"line":117,"column":null}},"10":{"start":{"line":23,"column":31},"end":{"line":23,"column":42}},"11":{"start":{"line":51,"column":4},"end":{"line":51,"column":80}},"12":{"start":{"line":88,"column":4},"end":{"line":88,"column":79}},"13":{"start":{"line":115,"column":4},"end":{"line":115,"column":42}},"14":{"start":{"line":22,"column":13},"end":{"line":22,"column":25}},"15":{"start":{"line":50,"column":8},"end":{"line":52,"column":null}},"16":{"start":{"line":87,"column":8},"end":{"line":89,"column":null}},"17":{"start":{"line":114,"column":8},"end":{"line":116,"column":null}},"18":{"start":{"line":22,"column":13},"end":{"line":117,"column":null}}},"fnMap":{"0":{"name":"(anonymous_4)","decl":{"start":{"line":23,"column":2},"end":{"line":23,"column":31}},"loc":{"start":{"line":23,"column":51},"end":{"line":23,"column":55}}},"1":{"name":"(anonymous_5)","decl":{"start":{"line":50,"column":8},"end":{"line":50,"column":21}},"loc":{"start":{"line":50,"column":72},"end":{"line":52,"column":3}}},"2":{"name":"(anonymous_6)","decl":{"start":{"line":87,"column":8},"end":{"line":87,"column":20}},"loc":{"start":{"line":87,"column":70},"end":{"line":89,"column":3}}},"3":{"name":"(anonymous_7)","decl":{"start":{"line":114,"column":8},"end":{"line":114,"column":18}},"loc":{"start":{"line":114,"column":46},"end":{"line":116,"column":3}}}},"branchMap":{"0":{"loc":{"start":{"line":50,"column":35},"end":{"line":50,"column":54}},"type":"cond-expr","locations":[{"start":{"line":50,"column":51},"end":{"line":50,"column":54}},{"start":{"line":50,"column":51},"end":{"line":50,"column":54}}]},"1":{"loc":{"start":{"line":50,"column":35},"end":{"line":50,"column":51}},"type":"binary-expr","locations":[{"start":{"line":50,"column":35},"end":{"line":50,"column":54}},{"start":{"line":50,"column":35},"end":{"line":50,"column":51}}]},"2":{"loc":{"start":{"line":50,"column":51},"end":{"line":50,"column":null}},"type":"cond-expr","locations":[{"start":{"line":50,"column":72},"end":{"line":50,"column":null}},{"start":{"line":50,"column":72},"end":{"line":50,"column":null}}]},"3":{"loc":{"start":{"line":50,"column":51},"end":{"line":50,"column":72}},"type":"binary-expr","locations":[{"start":{"line":50,"column":51},"end":{"line":50,"column":null}},{"start":{"line":50,"column":65},"end":{"line":50,"column":72}}]},"4":{"loc":{"start":{"line":87,"column":34},"end":{"line":87,"column":52}},"type":"cond-expr","locations":[{"start":{"line":87,"column":49},"end":{"line":87,"column":52}},{"start":{"line":87,"column":49},"end":{"line":87,"column":52}}]},"5":{"loc":{"start":{"line":87,"column":34},"end":{"line":87,"column":49}},"type":"binary-expr","locations":[{"start":{"line":87,"column":34},"end":{"line":87,"column":52}},{"start":{"line":87,"column":34},"end":{"line":87,"column":49}}]},"6":{"loc":{"start":{"line":87,"column":49},"end":{"line":87,"column":null}},"type":"cond-expr","locations":[{"start":{"line":87,"column":70},"end":{"line":87,"column":null}},{"start":{"line":87,"column":70},"end":{"line":87,"column":null}}]},"7":{"loc":{"start":{"line":87,"column":49},"end":{"line":87,"column":70}},"type":"binary-expr","locations":[{"start":{"line":87,"column":49},"end":{"line":87,"column":null}},{"start":{"line":87,"column":63},"end":{"line":87,"column":70}}]},"8":{"loc":{"start":{"line":114,"column":33},"end":{"line":114,"column":null}},"type":"cond-expr","locations":[{"start":{"line":114,"column":46},"end":{"line":114,"column":null}},{"start":{"line":114,"column":46},"end":{"line":114,"column":null}}]},"9":{"loc":{"start":{"line":114,"column":33},"end":{"line":114,"column":46}},"type":"binary-expr","locations":[{"start":{"line":114,"column":33},"end":{"line":114,"column":null}},{"start":{"line":114,"column":33},"end":{"line":114,"column":46}}]},"10":{"loc":{"start":{"line":23,"column":42},"end":{"line":23,"column":54}},"type":"cond-expr","locations":[{"start":{"line":23,"column":51},"end":{"line":23,"column":54}},{"start":{"line":23,"column":51},"end":{"line":23,"column":54}}]},"11":{"loc":{"start":{"line":23,"column":42},"end":{"line":23,"column":51}},"type":"binary-expr","locations":[{"start":{"line":23,"column":42},"end":{"line":23,"column":54}},{"start":{"line":23,"column":42},"end":{"line":23,"column":51}}]}},"s":{"0":1,"1":1,"2":1,"3":1,"4":1,"5":1,"6":1,"7":1,"8":1,"9":1,"10":3,"11":1,"12":1,"13":1,"14":1,"15":1,"16":1,"17":1,"18":1},"f":{"0":3,"1":1,"2":1,"3":1},"b":{"0":[1,0],"1":[1,1],"2":[0,1],"3":[1,0],"4":[1,0],"5":[1,1],"6":[0,1],"7":[1,0],"8":[1,0],"9":[1,1],"10":[1,0],"11":[1,1]}}
,"/home/ubuntu/Sales-Manage-APP/backend/src/modules/ar/dto/apply-payment.dto.ts": {"path":"/home/ubuntu/Sales-Manage-APP/backend/src/modules/ar/dto/apply-payment.dto.ts","statementMap":{"0":{"start":{"line":1,"column":0},"end":{"line":1,"column":46}},"1":{"start":{"line":2,"column":0},"end":{"line":2,"column":92}},"2":{"start":{"line":3,"column":0},"end":{"line":3,"column":41}},"3":{"start":{"line":5,"column":0},"end":{"line":5,"column":13}},"4":{"start":{"line":9,"column":2},"end":{"line":9,"column":null}},"5":{"start":{"line":14,"column":2},"end":{"line":14,"column":null}},"6":{"start":{"line":17,"column":0},"end":{"line":17,"column":13}},"7":{"start":{"line":21,"column":2},"end":{"line":21,"column":null}},"8":{"start":{"line":26,"column":2},"end":{"line":26,"column":null}},"9":{"start":{"line":32,"column":2},"end":{"line":32,"column":null}},"10":{"start":{"line":31,"column":14},"end":{"line":31,"column":26}},"11":{"start":{"line":37,"column":2},"end":{"line":37,"column":null}},"12":{"start":{"line":42,"column":2},"end":{"line":42,"column":null}}},"fnMap":{"0":{"name":"(anonymous_2)","decl":{"start":{"line":31,"column":8},"end":{"line":31,"column":11}},"loc":{"start":{"line":31,"column":14},"end":{"line":31,"column":26}}}},"branchMap":{},"s":{"0":1,"1":1,"2":1,"3":1,"4":1,"5":1,"6":1,"7":1,"8":1,"9":1,"10":0,"11":1,"12":1},"f":{"0":0},"b":{}}
,"/home/ubuntu/Sales-Manage-APP/backend/src/modules/ar/dto/create-payment.dto.ts": {"path":"/home/ubuntu/Sales-Manage-APP/backend/src/modules/ar/dto/create-payment.dto.ts","statementMap":{"0":{"start":{"line":1,"column":0},"end":{"line":1,"column":46}},"1":{"start":{"line":2,"column":0},"end":{"line":2,"column":92}},"2":{"start":{"line":4,"column":0},"end":{"line":4,"column":13}},"3":{"start":{"line":8,"column":2},"end":{"line":8,"column":null}},"4":{"start":{"line":13,"column":2},"end":{"line":13,"column":null}},"5":{"start":{"line":18,"column":2},"end":{"line":18,"column":null}},"6":{"start":{"line":23,"column":2},"end":{"line":23,"column":null}},"7":{"start":{"line":27,"column":2},"end":{"line":27,"column":null}},"8":{"start":{"line":32,"column":2},"end":{"line":32,"column":null}},"9":{"start":{"line":38,"column":2},"end":{"line":38,"column":null}},"10":{"start":{"line":43,"column":2},"end":{"line":43,"column":null}},"11":{"start":{"line":48,"column":2},"end":{"line":48,"column":null}}},"fnMap":{},"branchMap":{},"s":{"0":1,"1":1,"2":1,"3":1,"4":1,"5":1,"6":1,"7":1,"8":1,"9":1,"10":1,"11":1},"f":{},"b":{}}
,"/home/ubuntu/Sales-Manage-APP/backend/src/modules/ar/dto/get-summary.dto.ts": {"path":"/home/ubuntu/Sales-Manage-APP/backend/src/modules/ar/dto/get-summary.dto.ts","statementMap":{"0":{"start":{"line":1,"column":0},"end":{"line":1,"column":46}},"1":{"start":{"line":2,"column":0},"end":{"line":2,"column":57}},"2":{"start":{"line":3,"column":0},"end":{"line":3,"column":41}},"3":{"start":{"line":5,"column":0},"end":{"line":5,"column":13}},"4":{"start":{"line":10,"column":2},"end":{"line":10,"column":null}},"5":{"start":{"line":7,"column":14},"end":{"line":7,"column":20}},"6":{"start":{"line":17,"column":2},"end":{"line":17,"column":null}},"7":{"start":{"line":13,"column":14},"end":{"line":13,"column":20}}},"fnMap":{"0":{"name":"(anonymous_2)","decl":{"start":{"line":7,"column":8},"end":{"line":7,"column":11}},"loc":{"start":{"line":7,"column":14},"end":{"line":7,"column":20}}},"1":{"name":"(anonymous_3)","decl":{"start":{"line":13,"column":8},"end":{"line":13,"column":11}},"loc":{"start":{"line":13,"column":14},"end":{"line":13,"column":20}}}},"branchMap":{},"s":{"0":1,"1":1,"2":1,"3":1,"4":1,"5":0,"6":1,"7":0},"f":{"0":0,"1":0},"b":{}}
,"/home/ubuntu/Sales-Manage-APP/backend/src/modules/ar/entities/ar-apply.entity.ts": {"path":"/home/ubuntu/Sales-Manage-APP/backend/src/modules/ar/entities/ar-apply.entity.ts","statementMap":{"0":{"start":{"line":1,"column":0},"end":{"line":1,"column":null}},"1":{"start":{"line":15,"column":7},"end":{"line":46,"column":null}},"2":{"start":{"line":15,"column":13},"end":{"line":15,"column":20}},"3":{"start":{"line":17,"column":2},"end":{"line":17,"column":null}},"4":{"start":{"line":21,"column":2},"end":{"line":21,"column":null}},"5":{"start":{"line":24,"column":2},"end":{"line":24,"column":null}},"6":{"start":{"line":27,"column":2},"end":{"line":27,"column":null}},"7":{"start":{"line":30,"column":2},"end":{"line":30,"column":null}},"8":{"start":{"line":33,"column":2},"end":{"line":33,"column":null}},"9":{"start":{"line":36,"column":2},"end":{"line":36,"column":null}},"10":{"start":{"line":39,"column":2},"end":{"line":39,"column":null}},"11":{"start":{"line":42,"column":2},"end":{"line":42,"column":null}},"12":{"start":{"line":45,"column":2},"end":{"line":45,"column":null}},"13":{"start":{"line":15,"column":13},"end":{"line":46,"column":null}}},"fnMap":{},"branchMap":{"0":{"loc":{"start":{"line":39,"column":13},"end":{"line":39,"column":18}},"type":"cond-expr","locations":[{"start":{"line":39,"column":17},"end":{"line":39,"column":18}},{"start":{"line":39,"column":17},"end":{"line":39,"column":18}}]},"1":{"loc":{"start":{"line":39,"column":13},"end":{"line":39,"column":17}},"type":"binary-expr","locations":[{"start":{"line":39,"column":13},"end":{"line":39,"column":18}},{"start":{"line":39,"column":13},"end":{"line":39,"column":17}}]},"2":{"loc":{"start":{"line":42,"column":13},"end":{"line":42,"column":18}},"type":"cond-expr","locations":[{"start":{"line":42,"column":17},"end":{"line":42,"column":18}},{"start":{"line":42,"column":17},"end":{"line":42,"column":18}}]},"3":{"loc":{"start":{"line":42,"column":13},"end":{"line":42,"column":17}},"type":"binary-expr","locations":[{"start":{"line":42,"column":13},"end":{"line":42,"column":18}},{"start":{"line":42,"column":13},"end":{"line":42,"column":17}}]}},"s":{"0":2,"1":2,"2":2,"3":2,"4":2,"5":2,"6":2,"7":2,"8":2,"9":2,"10":2,"11":2,"12":2,"13":2},"f":{},"b":{"0":[2,0],"1":[2,2],"2":[2,0],"3":[2,2]}}
,"/home/ubuntu/Sales-Manage-APP/backend/src/modules/ar/entities/ar-invoice.entity.ts": {"path":"/home/ubuntu/Sales-Manage-APP/backend/src/modules/ar/entities/ar-invoice.entity.ts","statementMap":{"0":{"start":{"line":1,"column":0},"end":{"line":1,"column":null}},"1":{"start":{"line":15,"column":7},"end":{"line":65,"column":null}},"2":{"start":{"line":15,"column":13},"end":{"line":15,"column":22}},"3":{"start":{"line":17,"column":2},"end":{"line":17,"column":null}},"4":{"start":{"line":21,"column":2},"end":{"line":21,"column":null}},"5":{"start":{"line":25,"column":2},"end":{"line":25,"column":null}},"6":{"start":{"line":28,"column":2},"end":{"line":28,"column":null}},"7":{"start":{"line":31,"column":2},"end":{"line":31,"column":null}},"8":{"start":{"line":34,"column":2},"end":{"line":34,"column":null}},"9":{"start":{"line":37,"column":2},"end":{"line":37,"column":null}},"10":{"start":{"line":40,"column":2},"end":{"line":40,"column":null}},"11":{"start":{"line":43,"column":2},"end":{"line":43,"column":null}},"12":{"start":{"line":52,"column":2},"end":{"line":52,"column":null}},"13":{"start":{"line":55,"column":2},"end":{"line":55,"column":null}},"14":{"start":{"line":58,"column":2},"end":{"line":58,"column":null}},"15":{"start":{"line":61,"column":2},"end":{"line":61,"column":null}},"16":{"start":{"line":64,"column":2},"end":{"line":64,"column":null}},"17":{"start":{"line":15,"column":13},"end":{"line":65,"column":null}}},"fnMap":{},"branchMap":{"0":{"loc":{"start":{"line":43,"column":11},"end":{"line":43,"column":16}},"type":"cond-expr","locations":[{"start":{"line":43,"column":15},"end":{"line":43,"column":16}},{"start":{"line":43,"column":15},"end":{"line":43,"column":16}}]},"1":{"loc":{"start":{"line":43,"column":11},"end":{"line":43,"column":15}},"type":"binary-expr","locations":[{"start":{"line":43,"column":11},"end":{"line":43,"column":16}},{"start":{"line":43,"column":11},"end":{"line":43,"column":15}}]},"2":{"loc":{"start":{"line":58,"column":13},"end":{"line":58,"column":18}},"type":"cond-expr","locations":[{"start":{"line":58,"column":17},"end":{"line":58,"column":18}},{"start":{"line":58,"column":17},"end":{"line":58,"column":18}}]},"3":{"loc":{"start":{"line":58,"column":13},"end":{"line":58,"column":17}},"type":"binary-expr","locations":[{"start":{"line":58,"column":13},"end":{"line":58,"column":18}},{"start":{"line":58,"column":13},"end":{"line":58,"column":17}}]},"4":{"loc":{"start":{"line":61,"column":13},"end":{"line":61,"column":18}},"type":"cond-expr","locations":[{"start":{"line":61,"column":17},"end":{"line":61,"column":18}},{"start":{"line":61,"column":17},"end":{"line":61,"column":18}}]},"5":{"loc":{"start":{"line":61,"column":13},"end":{"line":61,"column":17}},"type":"binary-expr","locations":[{"start":{"line":61,"column":13},"end":{"line":61,"column":18}},{"start":{"line":61,"column":13},"end":{"line":61,"column":17}}]}},"s":{"0":2,"1":2,"2":2,"3":2,"4":2,"5":2,"6":2,"7":2,"8":2,"9":2,"10":2,"11":2,"12":2,"13":2,"14":2,"15":2,"16":2,"17":2},"f":{},"b":{"0":[2,0],"1":[2,2],"2":[2,0],"3":[2,2],"4":[2,0],"5":[2,2]}}
,"/home/ubuntu/Sales-Manage-APP/backend/src/modules/ar/entities/ar-payment.entity.ts": {"path":"/home/ubuntu/Sales-Manage-APP/backend/src/modules/ar/entities/ar-payment.entity.ts","statementMap":{"0":{"start":{"line":1,"column":0},"end":{"line":1,"column":null}},"1":{"start":{"line":15,"column":7},"end":{"line":71,"column":null}},"2":{"start":{"line":15,"column":13},"end":{"line":15,"column":22}},"3":{"start":{"line":17,"column":2},"end":{"line":17,"column":null}},"4":{"start":{"line":21,"column":2},"end":{"line":21,"column":null}},"5":{"start":{"line":25,"column":2},"end":{"line":25,"column":null}},"6":{"start":{"line":28,"column":2},"end":{"line":28,"column":null}},"7":{"start":{"line":31,"column":2},"end":{"line":31,"column":null}},"8":{"start":{"line":34,"column":2},"end":{"line":34,"column":null}},"9":{"start":{"line":37,"column":2},"end":{"line":37,"column":null}},"10":{"start":{"line":40,"column":2},"end":{"line":40,"column":null}},"11":{"start":{"line":43,"column":2},"end":{"line":43,"column":null}},"12":{"start":{"line":52,"column":2},"end":{"line":52,"column":null}},"13":{"start":{"line":55,"column":2},"end":{"line":55,"column":null}},"14":{"start":{"line":58,"column":2},"end":{"line":58,"column":null}},"15":{"start":{"line":61,"column":2},"end":{"line":61,"column":null}},"16":{"start":{"line":64,"column":2},"end":{"line":64,"column":null}},"17":{"start":{"line":67,"column":2},"end":{"line":67,"column":null}},"18":{"start":{"line":70,"column":2},"end":{"line":70,"column":null}},"19":{"start":{"line":15,"column":13},"end":{"line":71,"column":null}}},"fnMap":{},"branchMap":{"0":{"loc":{"start":{"line":40,"column":15},"end":{"line":40,"column":20}},"type":"cond-expr","locations":[{"start":{"line":40,"column":19},"end":{"line":40,"column":20}},{"start":{"line":40,"column":19},"end":{"line":40,"column":20}}]},"1":{"loc":{"start":{"line":40,"column":15},"end":{"line":40,"column":19}},"type":"binary-expr","locations":[{"start":{"line":40,"column":15},"end":{"line":40,"column":20}},{"start":{"line":40,"column":15},"end":{"line":40,"column":19}}]},"2":{"loc":{"start":{"line":64,"column":13},"end":{"line":64,"column":18}},"type":"cond-expr","locations":[{"start":{"line":64,"column":17},"end":{"line":64,"column":18}},{"start":{"line":64,"column":17},"end":{"line":64,"column":18}}]},"3":{"loc":{"start":{"line":64,"column":13},"end":{"line":64,"column":17}},"type":"binary-expr","locations":[{"start":{"line":64,"column":13},"end":{"line":64,"column":18}},{"start":{"line":64,"column":13},"end":{"line":64,"column":17}}]},"4":{"loc":{"start":{"line":67,"column":13},"end":{"line":67,"column":18}},"type":"cond-expr","locations":[{"start":{"line":67,"column":17},"end":{"line":67,"column":18}},{"start":{"line":67,"column":17},"end":{"line":67,"column":18}}]},"5":{"loc":{"start":{"line":67,"column":13},"end":{"line":67,"column":17}},"type":"binary-expr","locations":[{"start":{"line":67,"column":13},"end":{"line":67,"column":18}},{"start":{"line":67,"column":13},"end":{"line":67,"column":17}}]}},"s":{"0":2,"1":2,"2":2,"3":2,"4":2,"5":2,"6":2,"7":2,"8":2,"9":2,"10":2,"11":2,"12":2,"13":2,"14":2,"15":2,"16":2,"17":2,"18":2,"19":2},"f":{},"b":{"0":[2,0],"1":[2,2],"2":[2,0],"3":[2,2],"4":[2,0],"5":[2,2]}}
,"/home/ubuntu/Sales-Manage-APP/backend/src/modules/ar/entities/audit-log.entity.ts": {"path":"/home/ubuntu/Sales-Manage-APP/backend/src/modules/ar/entities/audit-log.entity.ts","statementMap":{"0":{"start":{"line":1,"column":0},"end":{"line":1,"column":null}},"1":{"start":{"line":13,"column":7},"end":{"line":49,"column":null}},"2":{"start":{"line":13,"column":13},"end":{"line":13,"column":21}},"3":{"start":{"line":15,"column":2},"end":{"line":15,"column":null}},"4":{"start":{"line":18,"column":2},"end":{"line":18,"column":null}},"5":{"start":{"line":21,"column":2},"end":{"line":21,"column":null}},"6":{"start":{"line":24,"column":2},"end":{"line":24,"column":null}},"7":{"start":{"line":27,"column":2},"end":{"line":27,"column":null}},"8":{"start":{"line":30,"column":2},"end":{"line":30,"column":null}},"9":{"start":{"line":33,"column":2},"end":{"line":33,"column":null}},"10":{"start":{"line":36,"column":2},"end":{"line":36,"column":null}},"11":{"start":{"line":39,"column":2},"end":{"line":39,"column":null}},"12":{"start":{"line":42,"column":2},"end":{"line":42,"column":null}},"13":{"start":{"line":45,"column":2},"end":{"line":45,"column":null}},"14":{"start":{"line":48,"column":2},"end":{"line":48,"column":null}},"15":{"start":{"line":13,"column":13},"end":{"line":49,"column":null}}},"fnMap":{},"branchMap":{"0":{"loc":{"start":{"line":48,"column":13},"end":{"line":48,"column":18}},"type":"cond-expr","locations":[{"start":{"line":48,"column":17},"end":{"line":48,"column":18}},{"start":{"line":48,"column":17},"end":{"line":48,"column":18}}]},"1":{"loc":{"start":{"line":48,"column":13},"end":{"line":48,"column":17}},"type":"binary-expr","locations":[{"start":{"line":48,"column":13},"end":{"line":48,"column":18}},{"start":{"line":48,"column":13},"end":{"line":48,"column":17}}]}},"s":{"0":2,"1":2,"2":2,"3":2,"4":2,"5":2,"6":2,"7":2,"8":2,"9":2,"10":2,"11":2,"12":2,"13":2,"14":2,"15":2},"f":{},"b":{"0":[2,0],"1":[2,2]}}
,"/home/ubuntu/Sales-Manage-APP/backend/src/modules/ar/services/ar.service.ts": {"path":"/home/ubuntu/Sales-Manage-APP/backend/src/modules/ar/services/ar.service.ts","statementMap":{"0":{"start":{"line":1,"column":0},"end":{"line":1,"column":null}},"1":{"start":{"line":7,"column":0},"end":{"line":7,"column":51}},"2":{"start":{"line":8,"column":0},"end":{"line":8,"column":49}},"3":{"start":{"line":9,"column":0},"end":{"line":9,"column":58}},"4":{"start":{"line":10,"column":0},"end":{"line":10,"column":58}},"5":{"start":{"line":11,"column":0},"end":{"line":11,"column":54}},"6":{"start":{"line":12,"column":0},"end":{"line":12,"column":56}},"7":{"start":{"line":19,"column":7},"end":{"line":317,"column":null}},"8":{"start":{"line":22,"column":12},"end":{"line":22,"column":31}},"9":{"start":{"line":24,"column":12},"end":{"line":24,"column":31}},"10":{"start":{"line":26,"column":12},"end":{"line":26,"column":29}},"11":{"start":{"line":28,"column":12},"end":{"line":28,"column":32}},"12":{"start":{"line":29,"column":12},"end":{"line":29,"column":24}},"13":{"start":{"line":37,"column":21},"end":{"line":39,"column":6}},"14":{"start":{"line":41,"column":4},"end":{"line":43,"column":5}},"15":{"start":{"line":42,"column":6},"end":{"line":42,"column":82}},"16":{"start":{"line":46,"column":22},"end":{"line":46,"column":96}},"17":{"start":{"line":48,"column":20},"end":{"line":61,"column":6}},"18":{"start":{"line":63,"column":18},"end":{"line":63,"column":60}},"19":{"start":{"line":66,"column":4},"end":{"line":74,"column":7}},"20":{"start":{"line":76,"column":4},"end":{"line":83,"column":6}},"21":{"start":{"line":90,"column":24},"end":{"line":90,"column":59}},"22":{"start":{"line":91,"column":4},"end":{"line":91,"column":32}},"23":{"start":{"line":92,"column":4},"end":{"line":92,"column":41}},"24":{"start":{"line":94,"column":4},"end":{"line":234,"column":5}},"25":{"start":{"line":96,"column":22},"end":{"line":99,"column":8}},"26":{"start":{"line":101,"column":6},"end":{"line":103,"column":7}},"27":{"start":{"line":102,"column":8},"end":{"line":102,"column":74}},"28":{"start":{"line":106,"column":27},"end":{"line":106,"column":89}},"29":{"start":{"line":106,"column":61},"end":{"line":106,"column":85}},"30":{"start":{"line":108,"column":6},"end":{"line":112,"column":7}},"31":{"start":{"line":109,"column":8},"end":{"line":111,"column":10}},"32":{"start":{"line":115,"column":30},"end":{"line":115,"column":32}},"33":{"start":{"line":116,"column":6},"end":{"line":186,"column":7}},"34":{"start":{"line":118,"column":30},"end":{"line":123,"column":10}},"35":{"start":{"line":125,"column":8},"end":{"line":129,"column":9}},"36":{"start":{"line":126,"column":10},"end":{"line":128,"column":12}},"37":{"start":{"line":132,"column":24},"end":{"line":135,"column":10}},"38":{"start":{"line":137,"column":8},"end":{"line":139,"column":9}},"39":{"start":{"line":138,"column":10},"end":{"line":138,"column":82}},"40":{"start":{"line":141,"column":8},"end":{"line":145,"column":9}},"41":{"start":{"line":142,"column":10},"end":{"line":144,"column":12}},"42":{"start":{"line":148,"column":22},"end":{"line":155,"column":10}},"43":{"start":{"line":157,"column":8},"end":{"line":157,"column":55}},"44":{"start":{"line":160,"column":27},"end":{"line":160,"column":68}},"45":{"start":{"line":161,"column":26},"end":{"line":161,"column":65}},"46":{"start":{"line":163,"column":29},"end":{"line":170,"column":null}},"47":{"start":{"line":173,"column":8},"end":{"line":177,"column":9}},"48":{"start":{"line":174,"column":10},"end":{"line":176,"column":12}},"49":{"start":{"line":179,"column":8},"end":{"line":185,"column":11}},"50":{"start":{"line":189,"column":33},"end":{"line":189,"column":71}},"51":{"start":{"line":190,"column":31},"end":{"line":190,"column":79}},"52":{"start":{"line":192,"column":27},"end":{"line":199,"column":null}},"53":{"start":{"line":202,"column":6},"end":{"line":206,"column":7}},"54":{"start":{"line":203,"column":8},"end":{"line":205,"column":10}},"55":{"start":{"line":209,"column":6},"end":{"line":218,"column":9}},"56":{"start":{"line":220,"column":6},"end":{"line":220,"column":44}},"57":{"start":{"line":222,"column":6},"end":{"line":228,"column":8}},"58":{"start":{"line":230,"column":6},"end":{"line":230,"column":46}},"59":{"start":{"line":231,"column":6},"end":{"line":231,"column":18}},"60":{"start":{"line":233,"column":6},"end":{"line":233,"column":34}},"61":{"start":{"line":241,"column":32},"end":{"line":241,"column":52}},"62":{"start":{"line":242,"column":4},"end":{"line":244,"column":5}},"63":{"start":{"line":243,"column":6},"end":{"line":243,"column":49}},"64":{"start":{"line":247,"column":18},"end":{"line":247,"column":28}},"65":{"start":{"line":248,"column":21},"end":{"line":251,"column":6}},"66":{"start":{"line":253,"column":18},"end":{"line":259,"column":6}},"67":{"start":{"line":261,"column":23},"end":{"line":261,"column":24}},"68":{"start":{"line":262,"column":25},"end":{"line":262,"column":26}},"69":{"start":{"line":264,"column":4},"end":{"line":289,"column":7}},"70":{"start":{"line":265,"column":6},"end":{"line":267,"column":7}},"71":{"start":{"line":266,"column":8},"end":{"line":266,"column":15}},"72":{"start":{"line":269,"column":6},"end":{"line":269,"column":38}},"73":{"start":{"line":271,"column":22},"end":{"line":271,"column":47}},"74":{"start":{"line":272,"column":26},"end":{"line":272,"column":99}},"75":{"start":{"line":274,"column":6},"end":{"line":288,"column":7}},"76":{"start":{"line":275,"column":8},"end":{"line":275,"column":41}},"77":{"start":{"line":276,"column":13},"end":{"line":288,"column":7}},"78":{"start":{"line":277,"column":8},"end":{"line":277,"column":43}},"79":{"start":{"line":278,"column":8},"end":{"line":278,"column":42}},"80":{"start":{"line":279,"column":13},"end":{"line":288,"column":7}},"81":{"start":{"line":280,"column":8},"end":{"line":280,"column":44}},"82":{"start":{"line":281,"column":8},"end":{"line":281,"column":42}},"83":{"start":{"line":282,"column":13},"end":{"line":288,"column":7}},"84":{"start":{"line":283,"column":8},"end":{"line":283,"column":44}},"85":{"start":{"line":284,"column":8},"end":{"line":284,"column":42}},"86":{"start":{"line":286,"column":8},"end":{"line":286,"column":44}},"87":{"start":{"line":287,"column":8},"end":{"line":287,"column":42}},"88":{"start":{"line":292,"column":27},"end":{"line":292,"column":37}},"89":{"start":{"line":293,"column":4},"end":{"line":293,"column":57}},"90":{"start":{"line":295,"column":24},"end":{"line":305,"column":18}},"91":{"start":{"line":307,"column":4},"end":{"line":315,"column":6}},"92":{"start":{"line":19,"column":13},"end":{"line":19,"column":22}},"93":{"start":{"line":19,"column":13},"end":{"line":317,"column":null}}},"fnMap":{"0":{"name":"(anonymous_4)","decl":{"start":{"line":20,"column":2},"end":{"line":20,"column":null}},"loc":{"start":{"line":29,"column":34},"end":{"line":30,"column":6}}},"1":{"name":"(anonymous_5)","decl":{"start":{"line":35,"column":2},"end":{"line":35,"column":7}},"loc":{"start":{"line":35,"column":83},"end":{"line":84,"column":3}}},"2":{"name":"(anonymous_6)","decl":{"start":{"line":89,"column":2},"end":{"line":89,"column":7}},"loc":{"start":{"line":89,"column":81},"end":{"line":235,"column":3}}},"3":{"name":"(anonymous_7)","decl":{"start":{"line":106,"column":46},"end":{"line":106,"column":47}},"loc":{"start":{"line":106,"column":61},"end":{"line":106,"column":85}}},"4":{"name":"(anonymous_8)","decl":{"start":{"line":240,"column":2},"end":{"line":240,"column":7}},"loc":{"start":{"line":240,"column":37},"end":{"line":316,"column":3}}},"5":{"name":"(anonymous_9)","decl":{"start":{"line":264,"column":21},"end":{"line":264,"column":22}},"loc":{"start":{"line":264,"column":33},"end":{"line":289,"column":5}}}},"branchMap":{"0":{"loc":{"start":{"line":41,"column":4},"end":{"line":43,"column":5}},"type":"if","locations":[{"start":{"line":41,"column":4},"end":{"line":43,"column":5}},{"start":{},"end":{}}]},"1":{"loc":{"start":{"line":57,"column":18},"end":{"line":57,"column":40}},"type":"binary-expr","locations":[{"start":{"line":57,"column":18},"end":{"line":57,"column":32}},{"start":{"line":57,"column":36},"end":{"line":57,"column":40}}]},"2":{"loc":{"start":{"line":58,"column":14},"end":{"line":58,"column":32}},"type":"binary-expr","locations":[{"start":{"line":58,"column":14},"end":{"line":58,"column":24}},{"start":{"line":58,"column":28},"end":{"line":58,"column":32}}]},"3":{"loc":{"start":{"line":101,"column":6},"end":{"line":103,"column":7}},"type":"if","locations":[{"start":{"line":101,"column":6},"end":{"line":103,"column":7}},{"start":{},"end":{}}]},"4":{"loc":{"start":{"line":108,"column":6},"end":{"line":112,"column":7}},"type":"if","locations":[{"start":{"line":108,"column":6},"end":{"line":112,"column":7}},{"start":{},"end":{}}]},"5":{"loc":{"start":{"line":125,"column":8},"end":{"line":129,"column":9}},"type":"if","locations":[{"start":{"line":125,"column":8},"end":{"line":129,"column":9}},{"start":{},"end":{}}]},"6":{"loc":{"start":{"line":137,"column":8},"end":{"line":139,"column":9}},"type":"if","locations":[{"start":{"line":137,"column":8},"end":{"line":139,"column":9}},{"start":{},"end":{}}]},"7":{"loc":{"start":{"line":141,"column":8},"end":{"line":145,"column":9}},"type":"if","locations":[{"start":{"line":141,"column":8},"end":{"line":145,"column":9}},{"start":{},"end":{}}]},"8":{"loc":{"start":{"line":154,"column":18},"end":{"line":154,"column":36}},"type":"binary-expr","locations":[{"start":{"line":154,"column":18},"end":{"line":154,"column":28}},{"start":{"line":154,"column":32},"end":{"line":154,"column":36}}]},"9":{"loc":{"start":{"line":161,"column":26},"end":{"line":161,"column":65}},"type":"cond-expr","locations":[{"start":{"line":161,"column":45},"end":{"line":161,"column":53}},{"start":{"line":161,"column":56},"end":{"line":161,"column":65}}]},"10":{"loc":{"start":{"line":173,"column":8},"end":{"line":177,"column":9}},"type":"if","locations":[{"start":{"line":173,"column":8},"end":{"line":177,"column":9}},{"start":{},"end":{}}]},"11":{"loc":{"start":{"line":190,"column":31},"end":{"line":190,"column":79}},"type":"cond-expr","locations":[{"start":{"line":190,"column":58},"end":{"line":190,"column":67}},{"start":{"line":190,"column":70},"end":{"line":190,"column":79}}]},"12":{"loc":{"start":{"line":202,"column":6},"end":{"line":206,"column":7}},"type":"if","locations":[{"start":{"line":202,"column":6},"end":{"line":206,"column":7}},{"start":{},"end":{}}]},"13":{"loc":{"start":{"line":242,"column":4},"end":{"line":244,"column":5}},"type":"if","locations":[{"start":{"line":242,"column":4},"end":{"line":244,"column":5}},{"start":{},"end":{}}]},"14":{"loc":{"start":{"line":265,"column":6},"end":{"line":267,"column":7}},"type":"if","locations":[{"start":{"line":265,"column":6},"end":{"line":267,"column":7}},{"start":{},"end":{}}]},"15":{"loc":{"start":{"line":265,"column":10},"end":{"line":265,"column":73}},"type":"binary-expr","locations":[{"start":{"line":265,"column":10},"end":{"line":265,"column":37}},{"start":{"line":265,"column":41},"end":{"line":265,"column":73}}]},"16":{"loc":{"start":{"line":274,"column":6},"end":{"line":288,"column":7}},"type":"if","locations":[{"start":{"line":274,"column":6},"end":{"line":288,"column":7}},{"start":{"line":276,"column":13},"end":{"line":288,"column":7}}]},"17":{"loc":{"start":{"line":276,"column":13},"end":{"line":288,"column":7}},"type":"if","locations":[{"start":{"line":276,"column":13},"end":{"line":288,"column":7}},{"start":{"line":279,"column":13},"end":{"line":288,"column":7}}]},"18":{"loc":{"start":{"line":279,"column":13},"end":{"line":288,"column":7}},"type":"if","locations":[{"start":{"line":279,"column":13},"end":{"line":288,"column":7}},{"start":{"line":282,"column":13},"end":{"line":288,"column":7}}]},"19":{"loc":{"start":{"line":282,"column":13},"end":{"line":288,"column":7}},"type":"if","locations":[{"start":{"line":282,"column":13},"end":{"line":288,"column":7}},{"start":{"line":285,"column":13},"end":{"line":288,"column":7}}]},"20":{"loc":{"start":{"line":312,"column":16},"end":{"line":312,"column":48}},"type":"binary-expr","locations":[{"start":{"line":312,"column":16},"end":{"line":312,"column":43}},{"start":{"line":312,"column":47},"end":{"line":312,"column":48}}]},"21":{"loc":{"start":{"line":313,"column":15},"end":{"line":313,"column":47}},"type":"binary-expr","locations":[{"start":{"line":313,"column":15},"end":{"line":313,"column":42}},{"start":{"line":313,"column":46},"end":{"line":313,"column":47}}]},"22":{"loc":{"start":{"line":22,"column":31},"end":{"line":22,"column":52}},"type":"cond-expr","locations":[{"start":{"line":22,"column":41},"end":{"line":22,"column":52}},{"start":{"line":22,"column":41},"end":{"line":22,"column":52}}]},"23":{"loc":{"start":{"line":22,"column":31},"end":{"line":22,"column":41}},"type":"binary-expr","locations":[{"start":{"line":22,"column":31},"end":{"line":22,"column":52}},{"start":{"line":22,"column":31},"end":{"line":22,"column":41}}]},"24":{"loc":{"start":{"line":22,"column":41},"end":{"line":24,"column":52}},"type":"cond-expr","locations":[{"start":{"line":24,"column":41},"end":{"line":24,"column":52}},{"start":{"line":24,"column":41},"end":{"line":24,"column":52}}]},"25":{"loc":{"start":{"line":22,"column":41},"end":{"line":24,"column":41}},"type":"binary-expr","locations":[{"start":{"line":22,"column":41},"end":{"line":24,"column":52}},{"start":{"line":24,"column":31},"end":{"line":24,"column":41}}]},"26":{"loc":{"start":{"line":24,"column":41},"end":{"line":26,"column":48}},"type":"cond-expr","locations":[{"start":{"line":26,"column":39},"end":{"line":26,"column":48}},{"start":{"line":26,"column":39},"end":{"line":26,"column":48}}]},"27":{"loc":{"start":{"line":24,"column":41},"end":{"line":26,"column":39}},"type":"binary-expr","locations":[{"start":{"line":24,"column":41},"end":{"line":26,"column":48}},{"start":{"line":26,"column":29},"end":{"line":26,"column":39}}]},"28":{"loc":{"start":{"line":26,"column":39},"end":{"line":28,"column":52}},"type":"cond-expr","locations":[{"start":{"line":28,"column":42},"end":{"line":28,"column":52}},{"start":{"line":28,"column":42},"end":{"line":28,"column":52}}]},"29":{"loc":{"start":{"line":26,"column":39},"end":{"line":28,"column":42}},"type":"binary-expr","locations":[{"start":{"line":26,"column":39},"end":{"line":28,"column":52}},{"start":{"line":28,"column":32},"end":{"line":28,"column":42}}]},"30":{"loc":{"start":{"line":28,"column":42},"end":{"line":29,"column":null}},"type":"cond-expr","locations":[{"start":{"line":29,"column":34},"end":{"line":29,"column":null}},{"start":{"line":29,"column":34},"end":{"line":29,"column":null}}]},"31":{"loc":{"start":{"line":28,"column":42},"end":{"line":29,"column":34}},"type":"binary-expr","locations":[{"start":{"line":28,"column":42},"end":{"line":29,"column":null}},{"start":{"line":29,"column":24},"end":{"line":29,"column":34}}]}},"s":{"0":2,"1":2,"2":2,"3":2,"4":2,"5":2,"6":2,"7":2,"8":9,"9":9,"10":9,"11":9,"12":9,"13":2,"14":2,"15":1,"16":1,"17":1,"18":1,"19":1,"20":1,"21":5,"22":5,"23":5,"24":5,"25":5,"26":5,"27":1,"28":4,"29":4,"30":4,"31":1,"32":3,"33":3,"34":3,"35":3,"36":1,"37":2,"38":2,"39":0,"40":2,"41":0,"42":2,"43":2,"44":2,"45":2,"46":2,"47":2,"48":1,"49":1,"50":1,"51":1,"52":1,"53":1,"54":0,"55":1,"56":1,"57":1,"58":4,"59":4,"60":5,"61":2,"62":2,"63":1,"64":2,"65":2,"66":2,"67":2,"68":2,"69":2,"70":3,"71":0,"72":3,"73":3,"74":3,"75":3,"76":0,"77":3,"78":0,"79":0,"80":3,"81":0,"82":0,"83":3,"84":0,"85":0,"86":3,"87":3,"88":2,"89":2,"90":2,"91":2,"92":2,"93":2},"f":{"0":9,"1":2,"2":5,"3":4,"4":2,"5":3},"b":{"0":[1,1],"1":[1,1],"2":[1,1],"3":[1,4],"4":[1,3],"5":[1,2],"6":[0,2],"7":[0,2],"8":[2,2],"9":[0,2],"10":[1,1],"11":[0,1],"12":[0,1],"13":[1,1],"14":[0,3],"15":[3,3],"16":[0,3],"17":[0,3],"18":[0,3],"19":[0,3],"20":[2,1],"21":[2,1],"22":[2,0],"23":[2,2],"24":[2,0],"25":[2,2],"26":[2,0],"27":[2,2],"28":[2,0],"29":[2,2],"30":[2,0],"31":[2,2]}}
}
