TN:
SF:src/app.controller.ts
FN:6,(anonymous_2)
FN:9,(anonymous_3)
FNF:2
FNH:2
FNDA:1,(anonymous_2)
FNDA:1,(anonymous_3)
DA:1,1
DA:2,1
DA:5,1
DA:6,1
DA:9,1
DA:10,1
LF:6
LH:6
BRDA:6,0,0,1
BRDA:6,0,1,0
BRDA:6,1,0,1
BRDA:6,1,1,1
BRF:4
BRH:3
end_of_record
TN:
SF:src/app.module.ts
FN:16,(anonymous_1)
FNF:1
FNH:0
FNDA:0,(anonymous_1)
DA:1,0
DA:2,0
DA:3,0
DA:4,0
DA:5,0
DA:6,0
DA:16,0
DA:35,0
LF:8
LH:0
BRF:0
BRH:0
end_of_record
TN:
SF:src/app.service.ts
FN:5,(anonymous_1)
FNF:1
FNH:1
FNDA:1,(anonymous_1)
DA:1,1
DA:4,1
DA:6,1
LF:3
LH:3
BRF:0
BRH:0
end_of_record
TN:
SF:src/main.ts
FN:6,bootstrap
FNF:1
FNH:0
FNDA:0,bootstrap
DA:1,0
DA:2,0
DA:3,0
DA:4,0
DA:7,0
DA:10,0
DA:19,0
DA:26,0
DA:27,0
DA:29,0
DA:30,0
DA:31,0
DA:33,0
LF:13
LH:0
BRDA:29,0,0,0
BRDA:29,0,1,0
BRDA:30,1,0,0
BRDA:30,1,1,0
BRDA:31,2,0,0
BRDA:31,2,1,0
BRF:6
BRH:0
end_of_record
TN:
SF:src/common/decorators/idempotency.decorator.ts
FN:5,(anonymous_0)
FNF:1
FNH:1
FNDA:2,(anonymous_0)
DA:1,1
DA:3,1
DA:5,2
LF:3
LH:3
BRF:0
BRH:0
end_of_record
TN:
SF:src/common/interceptors/idempotency.interceptor.ts
FN:18,(anonymous_4)
FN:24,(anonymous_5)
FN:53,(anonymous_6)
FNF:3
FNH:1
FNDA:3,(anonymous_4)
FNDA:0,(anonymous_5)
FNDA:0,(anonymous_6)
DA:1,1
DA:8,1
DA:9,1
DA:10,1
DA:11,1
DA:12,1
DA:13,1
DA:14,1
DA:17,1
DA:19,3
DA:21,3
DA:25,0
DA:30,0
DA:31,0
DA:34,0
DA:35,0
DA:37,0
DA:38,0
DA:42,0
DA:46,0
DA:48,0
DA:52,0
DA:55,0
LF:23
LH:11
BRDA:30,0,0,0
BRDA:30,0,1,0
BRDA:37,1,0,0
BRDA:37,1,1,0
BRDA:46,2,0,0
BRDA:46,2,1,0
BRDA:46,3,0,0
BRDA:46,3,1,0
BRDA:56,4,0,0
BRDA:56,4,1,0
BRDA:58,5,0,0
BRDA:58,5,1,0
BRDA:59,6,0,0
BRDA:59,6,1,0
BRDA:59,6,2,0
BRDA:19,7,0,1
BRDA:19,7,1,0
BRDA:19,8,0,1
BRDA:19,8,1,1
BRDA:19,9,0,1
BRDA:19,9,1,0
BRDA:19,10,0,1
BRDA:19,10,1,1
BRF:23
BRH:6
end_of_record
TN:
SF:src/database/migrations/1704960000000-CreateARTables.ts
FN:4,(anonymous_0)
FN:451,(anonymous_1)
FNF:2
FNH:0
FNDA:0,(anonymous_0)
FNDA:0,(anonymous_1)
DA:1,0
DA:3,0
DA:6,0
DA:98,0
DA:106,0
DA:114,0
DA:123,0
DA:229,0
DA:237,0
DA:246,0
DA:313,0
DA:321,0
DA:329,0
DA:339,0
DA:424,0
DA:432,0
DA:440,0
DA:453,0
DA:454,0
DA:455,0
DA:456,0
LF:21
LH:0
BRF:0
BRH:0
end_of_record
TN:
SF:src/modules/ar/ar.module.ts
FNF:0
FNH:0
DA:1,0
DA:2,0
DA:3,0
DA:4,0
DA:5,0
DA:6,0
DA:7,0
DA:8,0
DA:18,0
LF:9
LH:0
BRF:0
BRH:0
end_of_record
TN:
SF:src/modules/ar/controllers/ar.controller.ts
FN:23,(anonymous_4)
FN:50,(anonymous_5)
FN:87,(anonymous_6)
FN:114,(anonymous_7)
FNF:4
FNH:4
FNDA:3,(anonymous_4)
FNDA:1,(anonymous_5)
FNDA:1,(anonymous_6)
FNDA:1,(anonymous_7)
DA:1,1
DA:10,1
DA:11,1
DA:12,1
DA:13,1
DA:14,1
DA:15,1
DA:16,1
DA:17,1
DA:22,1
DA:23,3
DA:50,1
DA:51,1
DA:87,1
DA:88,1
DA:114,1
DA:115,1
LF:17
LH:17
BRDA:50,0,0,1
BRDA:50,0,1,0
BRDA:50,1,0,1
BRDA:50,1,1,1
BRDA:50,2,0,0
BRDA:50,2,1,1
BRDA:50,3,0,1
BRDA:50,3,1,0
BRDA:87,4,0,1
BRDA:87,4,1,0
BRDA:87,5,0,1
BRDA:87,5,1,1
BRDA:87,6,0,0
BRDA:87,6,1,1
BRDA:87,7,0,1
BRDA:87,7,1,0
BRDA:114,8,0,1
BRDA:114,8,1,0
BRDA:114,9,0,1
BRDA:114,9,1,1
BRDA:23,10,0,1
BRDA:23,10,1,0
BRDA:23,11,0,1
BRDA:23,11,1,1
BRF:24
BRH:16
end_of_record
TN:
SF:src/modules/ar/dto/apply-payment.dto.ts
FN:31,(anonymous_2)
FNF:1
FNH:0
FNDA:0,(anonymous_2)
DA:1,1
DA:2,1
DA:3,1
DA:5,1
DA:9,1
DA:14,1
DA:17,1
DA:21,1
DA:26,1
DA:31,0
DA:32,1
DA:37,1
DA:42,1
LF:13
LH:12
BRF:0
BRH:0
end_of_record
TN:
SF:src/modules/ar/dto/create-payment.dto.ts
FNF:0
FNH:0
DA:1,1
DA:2,1
DA:4,1
DA:8,1
DA:13,1
DA:18,1
DA:23,1
DA:27,1
DA:32,1
DA:38,1
DA:43,1
DA:48,1
LF:12
LH:12
BRF:0
BRH:0
end_of_record
TN:
SF:src/modules/ar/dto/get-summary.dto.ts
FN:7,(anonymous_2)
FN:13,(anonymous_3)
FNF:2
FNH:0
FNDA:0,(anonymous_2)
FNDA:0,(anonymous_3)
DA:1,1
DA:2,1
DA:3,1
DA:5,1
DA:7,0
DA:10,1
DA:13,0
DA:17,1
LF:8
LH:6
BRF:0
BRH:0
end_of_record
TN:
SF:src/modules/ar/entities/ar-apply.entity.ts
FNF:0
FNH:0
DA:1,2
DA:15,2
DA:17,2
DA:21,2
DA:24,2
DA:27,2
DA:30,2
DA:33,2
DA:36,2
DA:39,2
DA:42,2
DA:45,2
LF:12
LH:12
BRDA:39,0,0,2
BRDA:39,0,1,0
BRDA:39,1,0,2
BRDA:39,1,1,2
BRDA:42,2,0,2
BRDA:42,2,1,0
BRDA:42,3,0,2
BRDA:42,3,1,2
BRF:8
BRH:6
end_of_record
TN:
SF:src/modules/ar/entities/ar-invoice.entity.ts
FNF:0
FNH:0
DA:1,2
DA:15,2
DA:17,2
DA:21,2
DA:25,2
DA:28,2
DA:31,2
DA:34,2
DA:37,2
DA:40,2
DA:43,2
DA:52,2
DA:55,2
DA:58,2
DA:61,2
DA:64,2
LF:16
LH:16
BRDA:43,0,0,2
BRDA:43,0,1,0
BRDA:43,1,0,2
BRDA:43,1,1,2
BRDA:58,2,0,2
BRDA:58,2,1,0
BRDA:58,3,0,2
BRDA:58,3,1,2
BRDA:61,4,0,2
BRDA:61,4,1,0
BRDA:61,5,0,2
BRDA:61,5,1,2
BRF:12
BRH:9
end_of_record
TN:
SF:src/modules/ar/entities/ar-payment.entity.ts
FNF:0
FNH:0
DA:1,2
DA:15,2
DA:17,2
DA:21,2
DA:25,2
DA:28,2
DA:31,2
DA:34,2
DA:37,2
DA:40,2
DA:43,2
DA:52,2
DA:55,2
DA:58,2
DA:61,2
DA:64,2
DA:67,2
DA:70,2
LF:18
LH:18
BRDA:40,0,0,2
BRDA:40,0,1,0
BRDA:40,1,0,2
BRDA:40,1,1,2
BRDA:64,2,0,2
BRDA:64,2,1,0
BRDA:64,3,0,2
BRDA:64,3,1,2
BRDA:67,4,0,2
BRDA:67,4,1,0
BRDA:67,5,0,2
BRDA:67,5,1,2
BRF:12
BRH:9
end_of_record
TN:
SF:src/modules/ar/entities/audit-log.entity.ts
FNF:0
FNH:0
DA:1,2
DA:13,2
DA:15,2
DA:18,2
DA:21,2
DA:24,2
DA:27,2
DA:30,2
DA:33,2
DA:36,2
DA:39,2
DA:42,2
DA:45,2
DA:48,2
LF:14
LH:14
BRDA:48,0,0,2
BRDA:48,0,1,0
BRDA:48,1,0,2
BRDA:48,1,1,2
BRF:4
BRH:3
end_of_record
TN:
SF:src/modules/ar/services/ar.service.ts
FN:20,(anonymous_4)
FN:35,(anonymous_5)
FN:89,(anonymous_6)
FN:106,(anonymous_7)
FN:240,(anonymous_8)
FN:264,(anonymous_9)
FNF:6
FNH:6
FNDA:9,(anonymous_4)
FNDA:2,(anonymous_5)
FNDA:5,(anonymous_6)
FNDA:4,(anonymous_7)
FNDA:2,(anonymous_8)
FNDA:3,(anonymous_9)
DA:1,2
DA:7,2
DA:8,2
DA:9,2
DA:10,2
DA:11,2
DA:12,2
DA:19,2
DA:22,9
DA:24,9
DA:26,9
DA:28,9
DA:29,9
DA:37,2
DA:41,2
DA:42,1
DA:46,1
DA:48,1
DA:63,1
DA:66,1
DA:76,1
DA:90,5
DA:91,5
DA:92,5
DA:94,5
DA:96,5
DA:101,5
DA:102,1
DA:106,4
DA:108,4
DA:109,1
DA:115,3
DA:116,3
DA:118,3
DA:125,3
DA:126,1
DA:132,2
DA:137,2
DA:138,0
DA:141,2
DA:142,0
DA:148,2
DA:157,2
DA:160,2
DA:161,2
DA:163,2
DA:173,2
DA:174,1
DA:179,1
DA:189,1
DA:190,1
DA:192,1
DA:202,1
DA:203,0
DA:209,1
DA:220,1
DA:222,1
DA:230,4
DA:231,4
DA:233,5
DA:241,2
DA:242,2
DA:243,1
DA:247,2
DA:248,2
DA:253,2
DA:261,2
DA:262,2
DA:264,2
DA:265,3
DA:266,0
DA:269,3
DA:271,3
DA:272,3
DA:274,3
DA:275,0
DA:276,3
DA:277,0
DA:278,0
DA:279,3
DA:280,0
DA:281,0
DA:282,3
DA:283,0
DA:284,0
DA:286,3
DA:287,3
DA:292,2
DA:293,2
DA:295,2
DA:307,2
LF:91
LH:80
BRDA:41,0,0,1
BRDA:41,0,1,1
BRDA:57,1,0,1
BRDA:57,1,1,1
BRDA:58,2,0,1
BRDA:58,2,1,1
BRDA:101,3,0,1
BRDA:101,3,1,4
BRDA:108,4,0,1
BRDA:108,4,1,3
BRDA:125,5,0,1
BRDA:125,5,1,2
BRDA:137,6,0,0
BRDA:137,6,1,2
BRDA:141,7,0,0
BRDA:141,7,1,2
BRDA:154,8,0,2
BRDA:154,8,1,2
BRDA:161,9,0,0
BRDA:161,9,1,2
BRDA:173,10,0,1
BRDA:173,10,1,1
BRDA:190,11,0,0
BRDA:190,11,1,1
BRDA:202,12,0,0
BRDA:202,12,1,1
BRDA:242,13,0,1
BRDA:242,13,1,1
BRDA:265,14,0,0
BRDA:265,14,1,3
BRDA:265,15,0,3
BRDA:265,15,1,3
BRDA:274,16,0,0
BRDA:274,16,1,3
BRDA:276,17,0,0
BRDA:276,17,1,3
BRDA:279,18,0,0
BRDA:279,18,1,3
BRDA:282,19,0,0
BRDA:282,19,1,3
BRDA:312,20,0,2
BRDA:312,20,1,1
BRDA:313,21,0,2
BRDA:313,21,1,1
BRDA:22,22,0,2
BRDA:22,22,1,0
BRDA:22,23,0,2
BRDA:22,23,1,2
BRDA:22,24,0,2
BRDA:22,24,1,0
BRDA:22,25,0,2
BRDA:22,25,1,2
BRDA:24,26,0,2
BRDA:24,26,1,0
BRDA:24,27,0,2
BRDA:24,27,1,2
BRDA:26,28,0,2
BRDA:26,28,1,0
BRDA:26,29,0,2
BRDA:26,29,1,2
BRDA:28,30,0,2
BRDA:28,30,1,0
BRDA:28,31,0,2
BRDA:28,31,1,2
BRF:64
BRH:49
end_of_record
